<?xml version="1.0" encoding="UTF-8"?>
<!-- Generated by org.testng.reporters.JUnitXMLReporter -->
<testsuite ignored="0" hostname="Naveen" failures="0" tests="9" name="Default test" time="12.598" errors="0" timestamp="2021-08-11T23:25:41 IST">
  <testcase classname="SpacexAPITest.SpaceX.v1.TC_SpacexAPI" name="assertSuccess" time="5.132"/>
  <testcase classname="SpacexAPITest.SpaceX.v1.TC_SpacexAPI" name="checkResponseTime" time="0.869"/>
  <testcase classname="SpacexAPITest.SpaceX.v1.TC_SpacexAPI" name="checkShipCount" time="1.019"/>
  <testcase classname="SpacexAPITest.SpaceX.v1.TC_SpacexAPI" name="testGetRequestStatusCode" time="0.912"/>
  <testcase classname="SpacexAPITest.SpaceX.v1.TC_SpacexAPI" name="verifyContent" time="0.867"/>
  <testcase classname="SpacexAPITest.SpaceX.v1.TC_SpacexAPI" name="verifyFairingCount" time="0.858"/>
  <testcase classname="SpacexAPITest.SpaceX.v1.TC_SpacexAPI" name="verifyHeaders" time="1.015"/>
  <testcase classname="SpacexAPITest.SpaceX.v1.TC_SpacexAPI" name="verifyPayloadCount" time="0.906"/>
  <testcase classname="SpacexAPITest.SpaceX.v1.TC_SpacexAPI" name="verifyesponse" time="0.902"/>
</testsuite> <!-- Default test -->
